{"/repo/wsjbuild/jenkins-ci/.jenkins_home/jobs/loqui-server/workspace/lib/index.js":{"path":"/repo/wsjbuild/jenkins-ci/.jenkins_home/jobs/loqui-server/workspace/lib/index.js","s":{"1":1,"2":1,"3":1,"4":1},"b":{},"f":{"1":1},"fnMap":{"1":{"name":"createServer","line":5,"loc":{"start":{"line":5,"column":0},"end":{"line":5,"column":29}}}},"statementMap":{"1":{"start":{"line":1,"column":0},"end":{"line":1,"column":44}},"2":{"start":{"line":3,"column":0},"end":{"line":3,"column":40}},"3":{"start":{"line":5,"column":0},"end":{"line":11,"column":1}},"4":{"start":{"line":10,"column":2},"end":{"line":10,"column":31}}},"branchMap":{}},"/repo/wsjbuild/jenkins-ci/.jenkins_home/jobs/loqui-server/workspace/lib/loqui_server.js":{"path":"/repo/wsjbuild/jenkins-ci/.jenkins_home/jobs/loqui-server/workspace/lib/loqui_server.js","s":{"1":1,"2":1,"3":1,"4":8,"5":8,"6":8,"7":8,"8":8,"9":8,"10":8,"11":1,"12":1,"13":1,"14":10,"15":10,"16":2,"17":1,"18":1,"19":1,"20":4,"21":4,"22":3,"23":2,"24":2,"25":1,"26":2,"27":1,"28":3},"b":{"1":[1,0],"2":[1,0],"3":[1,0],"4":[1,0],"5":[8,8],"6":[8,8],"7":[8,8],"8":[8,8],"9":[1,1],"10":[2,1],"11":[2,2],"12":[1,1],"13":[2,1]},"f":{"1":8,"2":8,"3":1,"4":10,"5":2,"6":4,"7":3},"fnMap":{"1":{"name":"LoquiServer","line":10,"loc":{"start":{"line":10,"column":0},"end":{"line":10,"column":28}}},"2":{"name":"(anonymous_2)","line":24,"loc":{"start":{"line":24,"column":33},"end":{"line":24,"column":45}}},"3":{"name":"(anonymous_3)","line":29,"loc":{"start":{"line":29,"column":31},"end":{"line":29,"column":43}}},"4":{"name":"(anonymous_4)","line":33,"loc":{"start":{"line":33,"column":37},"end":{"line":33,"column":47}}},"5":{"name":"(anonymous_5)","line":35,"loc":{"start":{"line":35,"column":9},"end":{"line":35,"column":29}}},"6":{"name":"(anonymous_6)","line":44,"loc":{"start":{"line":44,"column":35},"end":{"line":44,"column":53}}},"7":{"name":"(anonymous_7)","line":47,"loc":{"start":{"line":47,"column":9},"end":{"line":47,"column":30}}}},"statementMap":{"1":{"start":{"line":1,"column":0},"end":{"line":6,"column":27}},"2":{"start":{"line":8,"column":0},"end":{"line":8,"column":39}},"3":{"start":{"line":10,"column":0},"end":{"line":27,"column":1}},"4":{"start":{"line":11,"column":2},"end":{"line":15,"column":4}},"5":{"start":{"line":17,"column":2},"end":{"line":17,"column":54}},"6":{"start":{"line":19,"column":2},"end":{"line":19,"column":17}},"7":{"start":{"line":21,"column":2},"end":{"line":21,"column":68}},"8":{"start":{"line":23,"column":2},"end":{"line":23,"column":18}},"9":{"start":{"line":24,"column":2},"end":{"line":26,"column":5}},"10":{"start":{"line":25,"column":4},"end":{"line":25,"column":47}},"11":{"start":{"line":29,"column":0},"end":{"line":33,"column":0}},"12":{"start":{"line":30,"column":2},"end":{"line":30,"column":50}},"13":{"start":{"line":33,"column":0},"end":{"line":44,"column":0}},"14":{"start":{"line":34,"column":2},"end":{"line":34,"column":18}},"15":{"start":{"line":35,"column":2},"end":{"line":42,"column":0}},"16":{"start":{"line":36,"column":4},"end":{"line":40,"column":5}},"17":{"start":{"line":37,"column":6},"end":{"line":37,"column":52}},"18":{"start":{"line":39,"column":6},"end":{"line":39,"column":13}},"19":{"start":{"line":44,"column":0},"end":{"line":65,"column":0}},"20":{"start":{"line":45,"column":2},"end":{"line":45,"column":18}},"21":{"start":{"line":47,"column":2},"end":{"line":63,"column":0}},"22":{"start":{"line":48,"column":4},"end":{"line":60,"column":5}},"23":{"start":{"line":49,"column":6},"end":{"line":49,"column":47}},"24":{"start":{"line":50,"column":6},"end":{"line":52,"column":7}},"25":{"start":{"line":51,"column":8},"end":{"line":51,"column":47}},"26":{"start":{"line":53,"column":6},"end":{"line":57,"column":9}},"27":{"start":{"line":59,"column":6},"end":{"line":59,"column":13}},"28":{"start":{"line":61,"column":4},"end":{"line":61,"column":32}}},"branchMap":{"1":{"line":1,"type":"binary-expr","locations":[{"start":{"line":1,"column":18},"end":{"line":1,"column":33}},{"start":{"line":1,"column":37},"end":{"line":1,"column":42}}]},"2":{"line":3,"type":"binary-expr","locations":[{"start":{"line":3,"column":23},"end":{"line":3,"column":45}},{"start":{"line":3,"column":49},"end":{"line":3,"column":61}}]},"3":{"line":4,"type":"binary-expr","locations":[{"start":{"line":4,"column":18},"end":{"line":4,"column":35}},{"start":{"line":4,"column":39},"end":{"line":4,"column":46}}]},"4":{"line":5,"type":"binary-expr","locations":[{"start":{"line":5,"column":18},"end":{"line":5,"column":35}},{"start":{"line":5,"column":39},"end":{"line":5,"column":52}}]},"5":{"line":12,"type":"binary-expr","locations":[{"start":{"line":12,"column":19},"end":{"line":12,"column":37}},{"start":{"line":12,"column":41},"end":{"line":12,"column":47}}]},"6":{"line":13,"type":"binary-expr","locations":[{"start":{"line":13,"column":17},"end":{"line":13,"column":33}},{"start":{"line":13,"column":37},"end":{"line":13,"column":43}}]},"7":{"line":14,"type":"binary-expr","locations":[{"start":{"line":14,"column":14},"end":{"line":14,"column":27}},{"start":{"line":14,"column":31},"end":{"line":14,"column":37}}]},"8":{"line":17,"type":"binary-expr","locations":[{"start":{"line":17,"column":18},"end":{"line":17,"column":31}},{"start":{"line":17,"column":35},"end":{"line":17,"column":41}}]},"9":{"line":36,"type":"if","locations":[{"start":{"line":36,"column":4},"end":{"line":36,"column":4}},{"start":{"line":36,"column":4},"end":{"line":36,"column":4}}]},"10":{"line":48,"type":"if","locations":[{"start":{"line":48,"column":4},"end":{"line":48,"column":4}},{"start":{"line":48,"column":4},"end":{"line":48,"column":4}}]},"11":{"line":49,"type":"binary-expr","locations":[{"start":{"line":49,"column":19},"end":{"line":49,"column":27}},{"start":{"line":49,"column":31},"end":{"line":49,"column":46}}]},"12":{"line":50,"type":"if","locations":[{"start":{"line":50,"column":6},"end":{"line":50,"column":6}},{"start":{"line":50,"column":6},"end":{"line":50,"column":6}}]},"13":{"line":50,"type":"binary-expr","locations":[{"start":{"line":50,"column":10},"end":{"line":50,"column":29}},{"start":{"line":50,"column":33},"end":{"line":50,"column":53}}]}}},"/repo/wsjbuild/jenkins-ci/.jenkins_home/jobs/loqui-server/workspace/lib/util.js":{"path":"/repo/wsjbuild/jenkins-ci/.jenkins_home/jobs/loqui-server/workspace/lib/util.js","s":{"1":1,"2":1,"3":4,"4":3,"5":1,"6":3,"7":1},"b":{"1":[3,1],"2":[4,4],"3":[1,2],"4":[3,1,1]},"f":{"1":4},"fnMap":{"1":{"name":"(anonymous_1)","line":3,"loc":{"start":{"line":3,"column":16},"end":{"line":3,"column":32}}}},"statementMap":{"1":{"start":{"line":1,"column":0},"end":{"line":1,"column":37}},"2":{"start":{"line":3,"column":0},"end":{"line":14,"column":0}},"3":{"start":{"line":4,"column":2},"end":{"line":10,"column":3}},"4":{"start":{"line":6,"column":4},"end":{"line":8,"column":5}},"5":{"start":{"line":7,"column":6},"end":{"line":7,"column":59}},"6":{"start":{"line":9,"column":4},"end":{"line":9,"column":27}},"7":{"start":{"line":11,"column":2},"end":{"line":11,"column":11}}},"branchMap":{"1":{"line":4,"type":"if","locations":[{"start":{"line":4,"column":2},"end":{"line":4,"column":2}},{"start":{"line":4,"column":2},"end":{"line":4,"column":2}}]},"2":{"line":4,"type":"binary-expr","locations":[{"start":{"line":4,"column":6},"end":{"line":4,"column":27}},{"start":{"line":4,"column":31},"end":{"line":4,"column":52}}]},"3":{"line":6,"type":"if","locations":[{"start":{"line":6,"column":4},"end":{"line":6,"column":4}},{"start":{"line":6,"column":4},"end":{"line":6,"column":4}}]},"4":{"line":6,"type":"binary-expr","locations":[{"start":{"line":6,"column":8},"end":{"line":6,"column":30}},{"start":{"line":6,"column":34},"end":{"line":6,"column":49}},{"start":{"line":6,"column":53},"end":{"line":6,"column":68}}]}}}}